Determining if the pthread_create exist failed with the following output:
Change Dir: /home/viki/Homework/Week2/4_7/build/CMakeFiles/CMakeTmp

Run Build Command:"/usr/bin/make" "cmTryCompileExec2410954553/fast"
/usr/bin/make -f CMakeFiles/cmTryCompileExec2410954553.dir/build.make CMakeFiles/cmTryCompileExec2410954553.dir/build
make[1]: Entering directory `/home/viki/Homework/Week2/4_7/build/CMakeFiles/CMakeTmp'
/usr/bin/cmake -E cmake_progress_report /home/viki/Homework/Week2/4_7/build/CMakeFiles/CMakeTmp/CMakeFiles 1
Building C object CMakeFiles/cmTryCompileExec2410954553.dir/CheckSymbolExists.c.o
/usr/bin/cc    -o CMakeFiles/cmTryCompileExec2410954553.dir/CheckSymbolExists.c.o   -c /home/viki/Homework/Week2/4_7/build/CMakeFiles/CMakeTmp/CheckSymbolExists.c
Linking C executable cmTryCompileExec2410954553
/usr/bin/cmake -E cmake_link_script CMakeFiles/cmTryCompileExec2410954553.dir/link.txt --verbose=1
/usr/bin/cc       CMakeFiles/cmTryCompileExec2410954553.dir/CheckSymbolExists.c.o  -o cmTryCompileExec2410954553 -rdynamic 
CMakeFiles/cmTryCompileExec2410954553.dir/CheckSymbolExists.c.o: In function `main':
CheckSymbolExists.c:(.text+0x16): undefined reference to `pthread_create'
collect2: error: ld returned 1 exit status
make[1]: Leaving directory `/home/viki/Homework/Week2/4_7/build/CMakeFiles/CMakeTmp'
make[1]: *** [cmTryCompileExec2410954553] Error 1
make: *** [cmTryCompileExec2410954553/fast] Error 2

File /home/viki/Homework/Week2/4_7/build/CMakeFiles/CMakeTmp/CheckSymbolExists.c:
/* */
#include <pthread.h>

int main(int argc, char** argv)
{
  (void)argv;
#ifndef pthread_create
  return ((int*)(&pthread_create))[argc];
#else
  (void)argc;
  return 0;
#endif
}

Determining if the function pthread_create exists in the pthreads failed with the following output:
Change Dir: /home/viki/Homework/Week2/4_7/build/CMakeFiles/CMakeTmp

Run Build Command:"/usr/bin/make" "cmTryCompileExec3231701875/fast"
/usr/bin/make -f CMakeFiles/cmTryCompileExec3231701875.dir/build.make CMakeFiles/cmTryCompileExec3231701875.dir/build
make[1]: Entering directory `/home/viki/Homework/Week2/4_7/build/CMakeFiles/CMakeTmp'
/usr/bin/cmake -E cmake_progress_report /home/viki/Homework/Week2/4_7/build/CMakeFiles/CMakeTmp/CMakeFiles 1
Building C object CMakeFiles/cmTryCompileExec3231701875.dir/CheckFunctionExists.c.o
/usr/bin/cc   -DCHECK_FUNCTION_EXISTS=pthread_create   -o CMakeFiles/cmTryCompileExec3231701875.dir/CheckFunctionExists.c.o   -c /usr/share/cmake-3.2/Modules/CheckFunctionExists.c
Linking C executable cmTryCompileExec3231701875
/usr/bin/cmake -E cmake_link_script CMakeFiles/cmTryCompileExec3231701875.dir/link.txt --verbose=1
/usr/bin/cc   -DCHECK_FUNCTION_EXISTS=pthread_create    CMakeFiles/cmTryCompileExec3231701875.dir/CheckFunctionExists.c.o  -o cmTryCompileExec3231701875 -rdynamic -lpthreads 
/usr/bin/ld: cannot find -lpthreads
collect2: error: ld returned 1 exit status
make[1]: Leaving directory `/home/viki/Homework/Week2/4_7/build/CMakeFiles/CMakeTmp'
make[1]: *** [cmTryCompileExec3231701875] Error 1
make: *** [cmTryCompileExec3231701875/fast] Error 2


